<?xml version="1.0" encoding="UTF-8"?>
<!-- Generated by org.testng.reporters.JUnitReportReporter -->
<testsuite hostname="LAPTOP-DL5KGULM" name="test.testmystore" tests="4" failures="0" timestamp="11 Mar 2020 23:09:37 GMT" time="7.071" errors="0">
  <testcase name="womentabs" time="0.085" classname="test.testmystore"/>
  <testcase name="navigatetabs" time="6.757" classname="test.testmystore"/>
  <testcase name="dresstabs" time="0.143" classname="test.testmystore"/>
  <testcase name="tshirts" time="0.086" classname="test.testmystore"/>
</testsuite> <!-- test.testmystore -->
